<?xml version="1.0" encoding="UTF-8"?>
<testng-results skipped="0" failed="0" total="1" passed="1">
  <reporter-output>
  </reporter-output>
  <suite name="Default suite" duration-ms="2569" started-at="2016-11-25T14:20:13Z" finished-at="2016-11-25T14:20:16Z">
    <groups>
    </groups>
    <test name="Default test" duration-ms="2569" started-at="2016-11-25T14:20:13Z" finished-at="2016-11-25T14:20:16Z">
      <class name="test.drugi.DrugiTest">
        <test-method status="PASS" signature="setUp()[pri:0, instance:test.drugi.DrugiTest@7921b0a2]" name="setUp" is-config="true" duration-ms="2466" started-at="2016-11-25T15:20:13Z" finished-at="2016-11-25T15:20:16Z">
          <reporter-output>
          </reporter-output>
        </test-method> <!-- setUp -->
        <test-method status="PASS" signature="test()[pri:0, instance:test.drugi.DrugiTest@7921b0a2]" name="test" duration-ms="85" started-at="2016-11-25T15:20:16Z" finished-at="2016-11-25T15:20:16Z">
          <reporter-output>
          </reporter-output>
        </test-method> <!-- test -->
      </class> <!-- test.drugi.DrugiTest -->
    </test> <!-- Default test -->
  </suite> <!-- Default suite -->
</testng-results>
