<?xml version="1.0" encoding="UTF-8"?>
<testng-results skipped="0" failed="0" total="1" passed="1">
  <reporter-output>
  </reporter-output>
  <suite name="Default suite" duration-ms="20043" started-at="2016-12-02T14:52:34Z" finished-at="2016-12-02T14:52:55Z">
    <groups>
    </groups>
    <test name="Default test" duration-ms="20043" started-at="2016-12-02T14:52:34Z" finished-at="2016-12-02T14:52:55Z">
      <class name="test.registration.RegTest">
        <test-method status="PASS" signature="beforeClass()[pri:0, instance:test.registration.RegTest@174d20a]" name="beforeClass" is-config="true" duration-ms="5362" started-at="2016-12-02T15:52:34Z" finished-at="2016-12-02T15:52:40Z">
          <reporter-output>
          </reporter-output>
        </test-method> <!-- beforeClass -->
        <test-method status="PASS" signature="f()[pri:0, instance:test.registration.RegTest@174d20a]" name="f" duration-ms="14660" started-at="2016-12-02T15:52:40Z" finished-at="2016-12-02T15:52:54Z">
          <reporter-output>
          </reporter-output>
        </test-method> <!-- f -->
        <test-method status="PASS" signature="afterClass()[pri:0, instance:test.registration.RegTest@174d20a]" name="afterClass" is-config="true" duration-ms="0" started-at="2016-12-02T15:52:54Z" finished-at="2016-12-02T15:52:54Z">
          <reporter-output>
          </reporter-output>
        </test-method> <!-- afterClass -->
      </class> <!-- test.registration.RegTest -->
    </test> <!-- Default test -->
  </suite> <!-- Default suite -->
</testng-results>
